<?xml version="1.0" encoding="UTF-8"?>
<!-- Generated by org.testng.reporters.JUnitReportReporter -->
<testsuite hostname="DESKTOP-6DHACQS" failures="0" tests="1" name="E2ESel.training.homePageTest" time="61.568" errors="0" timestamp="2021-12-24T18:54:04 IST" skipped="0">
  <testcase classname="E2ESel.training.homePageTest" name="homeValidations" time="61.568"/>
  <system-out/>
</testsuite> <!-- E2ESel.training.homePageTest -->
