<?xml version="1.0" encoding="UTF-8"?>
<!-- Generated by org.testng.reporters.JUnitReportReporter -->
<testsuite hostname="DESKTOP-6DHACQS" failures="0" tests="1" name="E2ESel.training.loginPageTest" time="12.466" errors="0" timestamp="2021-12-25T12:03:54 IST" skipped="0">
  <testcase classname="E2ESel.training.loginPageTest" name="login" time="12.466"/>
  <system-out/>
</testsuite> <!-- E2ESel.training.loginPageTest -->
